<?xml version="1.0" encoding="UTF-8"?>
<!-- Generated by org.testng.reporters.JUnitReportReporter -->
<testsuite name="com.liangxin.NewTest" tests="1" time="0.017" ignored="0" failures="0" timestamp="29 九月 2017 07:51:11 GMT" skipped="0" hostname="LenovoPC" errors="0">
  <testcase name="f1" time="0.017" classname="com.liangxin.NewTest"/>
</testsuite> <!-- com.liangxin.NewTest -->
