<?xml version="1.0" encoding="UTF-8"?>
<!-- Generated by org.testng.reporters.JUnitReportReporter -->
<testsuite skipped="0" hostname="LenovoPC" name="com.T71test.baiduMainPageTest" tests="3" failures="0" timestamp="30 九月 2017 03:44:30 GMT" time="37.445" errors="0">
  <testcase name="f2" time="10.972" classname="com.T71test.baiduMainPageTest"/>
  <testcase name="f3" time="15.245" classname="com.T71test.baiduMainPageTest"/>
  <testcase name="f" time="11.228" classname="com.T71test.baiduMainPageTest"/>
</testsuite> <!-- com.T71test.baiduMainPageTest -->
